                              1 ;--------------------------------------------------------
                              2 ; File Created by SDCC : free open source ANSI-C Compiler
                              3 ; Version 3.2.0 #8008 (Jul  6 2012) (MINGW32)
                              4 ; This file was generated Fri Oct 06 15:21:33 2017
                              5 ;--------------------------------------------------------
                              6 	.module main
                              7 	.optsdcc -mmcs51 --model-small
                              8 	
                              9 ;--------------------------------------------------------
                             10 ; Public variables in this module
                             11 ;--------------------------------------------------------
                             12 	.globl _main
                             13 	.globl _InitTimer
                             14 ;--------------------------------------------------------
                             15 ; special function registers
                             16 ;--------------------------------------------------------
                             17 	.area RSEG    (ABS,DATA)
   0000                      18 	.org 0x0000
                             19 ;--------------------------------------------------------
                             20 ; special function bits
                             21 ;--------------------------------------------------------
                             22 	.area RSEG    (ABS,DATA)
   0000                      23 	.org 0x0000
                             24 ;--------------------------------------------------------
                             25 ; overlayable register banks
                             26 ;--------------------------------------------------------
                             27 	.area REG_BANK_0	(REL,OVR,DATA)
   0000                      28 	.ds 8
                             29 ;--------------------------------------------------------
                             30 ; internal ram data
                             31 ;--------------------------------------------------------
                             32 	.area DSEG    (DATA)
                             33 ;--------------------------------------------------------
                             34 ; overlayable items in internal ram 
                             35 ;--------------------------------------------------------
                             36 ;--------------------------------------------------------
                             37 ; Stack segment in internal ram 
                             38 ;--------------------------------------------------------
                             39 	.area	SSEG	(DATA)
   0000                      40 __start__stack:
   0000                      41 	.ds	1
                             42 
                             43 ;--------------------------------------------------------
                             44 ; indirectly addressable internal ram data
                             45 ;--------------------------------------------------------
                             46 	.area ISEG    (DATA)
                             47 ;--------------------------------------------------------
                             48 ; absolute internal ram data
                             49 ;--------------------------------------------------------
                             50 	.area IABS    (ABS,DATA)
                             51 	.area IABS    (ABS,DATA)
                             52 ;--------------------------------------------------------
                             53 ; bit data
                             54 ;--------------------------------------------------------
                             55 	.area BSEG    (BIT)
                             56 ;--------------------------------------------------------
                             57 ; paged external ram data
                             58 ;--------------------------------------------------------
                             59 	.area PSEG    (PAG,XDATA)
                             60 ;--------------------------------------------------------
                             61 ; external ram data
                             62 ;--------------------------------------------------------
                             63 	.area XSEG    (XDATA)
                             64 ;--------------------------------------------------------
                             65 ; absolute external ram data
                             66 ;--------------------------------------------------------
                             67 	.area XABS    (ABS,XDATA)
                             68 ;--------------------------------------------------------
                             69 ; external initialized ram data
                             70 ;--------------------------------------------------------
                             71 	.area XISEG   (XDATA)
                             72 	.area HOME    (CODE)
                             73 	.area GSINIT0 (CODE)
                             74 	.area GSINIT1 (CODE)
                             75 	.area GSINIT2 (CODE)
                             76 	.area GSINIT3 (CODE)
                             77 	.area GSINIT4 (CODE)
                             78 	.area GSINIT5 (CODE)
                             79 	.area GSINIT  (CODE)
                             80 	.area GSFINAL (CODE)
                             81 	.area CSEG    (CODE)
                             82 ;--------------------------------------------------------
                             83 ; interrupt vector 
                             84 ;--------------------------------------------------------
                             85 	.area HOME    (CODE)
   0000                      86 __interrupt_vect:
   0000 02s00r00             87 	ljmp	__sdcc_gsinit_startup
   0003 32                   88 	reti
   0004                      89 	.ds	7
   000B 02s00r00             90 	ljmp	_T0_ISR
                             91 ;--------------------------------------------------------
                             92 ; global & static initialisations
                             93 ;--------------------------------------------------------
                             94 	.area HOME    (CODE)
                             95 	.area GSINIT  (CODE)
                             96 	.area GSFINAL (CODE)
                             97 	.area GSINIT  (CODE)
                             98 	.globl __sdcc_gsinit_startup
                             99 	.globl __sdcc_program_startup
                            100 	.globl __start__stack
                            101 	.globl __mcs51_genXINIT
                            102 	.globl __mcs51_genXRAMCLEAR
                            103 	.globl __mcs51_genRAMCLEAR
                            104 	.area GSFINAL (CODE)
   0000 02s00r0E            105 	ljmp	__sdcc_program_startup
                            106 ;--------------------------------------------------------
                            107 ; Home
                            108 ;--------------------------------------------------------
                            109 	.area HOME    (CODE)
                            110 	.area HOME    (CODE)
   000E                     111 __sdcc_program_startup:
   000E 12s00r00            112 	lcall	_main
                            113 ;	return from main will lock up
   0011 80 FE               114 	sjmp .
                            115 ;--------------------------------------------------------
                            116 ; code
                            117 ;--------------------------------------------------------
                            118 	.area CSEG    (CODE)
                            119 ;------------------------------------------------------------
                            120 ;Allocation info for local variables in function 'main'
                            121 ;------------------------------------------------------------
                            122 ;	SRC/main.c:8: void main( void )
                            123 ;	-----------------------------------------
                            124 ;	 function main
                            125 ;	-----------------------------------------
   0000                     126 _main:
                    0007    127 	ar7 = 0x07
                    0006    128 	ar6 = 0x06
                    0005    129 	ar5 = 0x05
                    0004    130 	ar4 = 0x04
                    0003    131 	ar3 = 0x03
                    0002    132 	ar2 = 0x02
                    0001    133 	ar1 = 0x01
                    0000    134 	ar0 = 0x00
                            135 ;	SRC/main.c:10: InitTimer();
   0000 12s00r00            136 	lcall	_InitTimer
                            137 ;	SRC/main.c:11: while( 1 ) {
   0003                     138 00102$:
   0003 80 FE               139 	sjmp	00102$
                            140 	.area CSEG    (CODE)
                            141 	.area CONST   (CODE)
                            142 	.area XINIT   (CODE)
                            143 	.area CABS    (ABS,CODE)
